<?xml version="1.0" encoding="UTF-8"?>
<testng-results skipped="0" failed="1" ignored="0" total="1" passed="0">
  <reporter-output>
    <line>
      <![CDATA[Element is present]]>
    </line>
  </reporter-output>
  <suite name="Default suite" duration-ms="56527" started-at="2018-06-02T08:04:16Z" finished-at="2018-06-02T08:05:13Z">
    <groups>
    </groups>
    <test name="Default test" duration-ms="56527" started-at="2018-06-02T08:04:16Z" finished-at="2018-06-02T08:05:13Z">
      <class name="testsuites.Test102">
        <test-method status="PASS" signature="testLaunchBrowser()[pri:0, instance:testsuites.Test102@6121c9d6]" name="testLaunchBrowser" is-config="true" duration-ms="4487" started-at="2018-06-02T08:04:16Z" finished-at="2018-06-02T08:04:21Z">
          <reporter-output>
          </reporter-output>
        </test-method> <!-- testLaunchBrowser -->
        <test-method status="FAIL" signature="testFacebookHome()[pri:1, instance:testsuites.Test102@6121c9d6]" name="testFacebookHome" duration-ms="48530" started-at="2018-06-02T08:04:21Z" finished-at="2018-06-02T08:05:09Z">
          <exception class="java.lang.AssertionError">
            <message>
              <![CDATA[null]]>
            </message>
            <full-stacktrace>
              <![CDATA[java.lang.AssertionError: null
at org.testng.Assert.fail(Assert.java:96)
at org.testng.Assert.fail(Assert.java:103)
at testsuites.Test102.testFacebookHome(Test102.java:34)
at sun.reflect.NativeMethodAccessorImpl.invoke0(Native Method)
at sun.reflect.NativeMethodAccessorImpl.invoke(NativeMethodAccessorImpl.java:62)
at sun.reflect.DelegatingMethodAccessorImpl.invoke(DelegatingMethodAccessorImpl.java:43)
at java.lang.reflect.Method.invoke(Method.java:497)
at org.testng.internal.MethodInvocationHelper.invokeMethod(MethodInvocationHelper.java:124)
at org.testng.internal.Invoker.invokeMethod(Invoker.java:580)
at org.testng.internal.Invoker.invokeTestMethod(Invoker.java:716)
at org.testng.internal.Invoker.invokeTestMethods(Invoker.java:988)
at org.testng.internal.TestMethodWorker.invokeTestMethods(TestMethodWorker.java:125)
at org.testng.internal.TestMethodWorker.run(TestMethodWorker.java:109)
at org.testng.TestRunner.privateRun(TestRunner.java:648)
at org.testng.TestRunner.run(TestRunner.java:505)
at org.testng.SuiteRunner.runTest(SuiteRunner.java:455)
at org.testng.SuiteRunner.runSequentially(SuiteRunner.java:450)
at org.testng.SuiteRunner.privateRun(SuiteRunner.java:415)
at org.testng.SuiteRunner.run(SuiteRunner.java:364)
at org.testng.SuiteRunnerWorker.runSuite(SuiteRunnerWorker.java:52)
at org.testng.SuiteRunnerWorker.run(SuiteRunnerWorker.java:84)
at org.testng.TestNG.runSuitesSequentially(TestNG.java:1208)
at org.testng.TestNG.runSuitesLocally(TestNG.java:1137)
at org.testng.TestNG.runSuites(TestNG.java:1049)
at org.testng.TestNG.run(TestNG.java:1017)
at org.testng.remote.AbstractRemoteTestNG.run(AbstractRemoteTestNG.java:114)
at org.testng.remote.RemoteTestNG.initAndRun(RemoteTestNG.java:251)
at org.testng.remote.RemoteTestNG.main(RemoteTestNG.java:77)
]]>
            </full-stacktrace>
          </exception> <!-- java.lang.AssertionError -->
          <reporter-output>
            <line>
              <![CDATA[Element is present]]>
            </line>
          </reporter-output>
        </test-method> <!-- testFacebookHome -->
        <test-method status="PASS" signature="closeBrowser(org.testng.ITestResult)[pri:0, instance:testsuites.Test102@6121c9d6]" name="closeBrowser" is-config="true" duration-ms="3463" started-at="2018-06-02T08:05:09Z" finished-at="2018-06-02T08:05:13Z">
          <params>
            <param index="0">
              <value>
                <![CDATA[[TestResult name=testFacebookHome status=FAILURE method=Test102.testFacebookHome()[pri:1, instance:testsuites.Test102@6121c9d6] output=Element is present]]]>
              </value>
            </param>
          </params>
          <reporter-output>
          </reporter-output>
        </test-method> <!-- closeBrowser -->
      </class> <!-- testsuites.Test102 -->
    </test> <!-- Default test -->
  </suite> <!-- Default suite -->
</testng-results>
